<?xml version="1.0" encoding="UTF-8"?>
<testsuite xmlns:xsi="http://www.w3.org/2001/XMLSchema-instance" xsi:noNamespaceSchemaLocation="https://maven.apache.org/surefire/maven-surefire-plugin/xsd/surefire-test-report-3.0.xsd" version="3.0" name="mat.study.store.product.ServiceProductApplicationTests" time="7.843" tests="1" errors="0" skipped="0" failures="0">
  <properties>
[...]
</properties>
  <testcase name="contextLoads" classname="mat.study.store.product.ServiceProductApplicationTests" time="0.424">
    <system-out><![CDATA[07:46:57.801 [main] INFO org.springframework.test.context.support.AnnotationConfigContextLoaderUtils -- Could not detect default configuration classes for test class [mat.study.store.product.ServiceProductApplicationTests]: ServiceProductApplicationTests does not declare any static, non-private, non-final, nested classes annotated with @Configuration.
07:46:57.901 [main] INFO org.springframework.boot.test.context.SpringBootTestContextBootstrapper -- Found @SpringBootConfiguration mat.study.store.product.ServiceProductApplication for test class mat.study.store.product.ServiceProductApplicationTests
 ,---.               ,--.                                                                 ,------.                ,--.     ,---.         ,--.
'   .-' ,---. ,--.--.`--',--,--,  ,---.   ,---. ,---.,--.,--.,--.--. ,---. ,---.  ,-----. |  .--. ' ,---.  ,---.,-'  '-.  /  O  \  ,---. `--'
`.  `-.| .-. ||  .--',--.|      \| .-. | | .--'| .-. |  ||  ||  .--'(  .-'| .-. : '-----' |  '--'.'| .-. :(  .-''-.  .-' |  .-.  || .-. |,--.
.-'    | '-' '|  |   |  ||  ||  |' '-' ' \ `--.' '-' '  ''  '|  |   .-'  `)   --.         |  |\  \ \   --..-'  `) |  |   |  | |  || '-' '|  |
`-----'|  |-' `--'   `--'`--''--'.`-  /   `---' `---' `----' `--'   `----' `----'         `--' '--' `----'`----'  `--'   `--' `--'|  |-' `--'
       `--'                      `---'                                                                                            `--'
2023-11-23T07:46:58.328-05:00  INFO 3284 --- [           main] m.s.s.p.ServiceProductApplicationTests   : Starting ServiceProductApplicationTests using Java 17.0.7 with PID 3284 (started by HMartinez in c:\Users\hmartinez\JAVA\service-product)
2023-11-23T07:46:58.330-05:00  INFO 3284 --- [           main] m.s.s.p.ServiceProductApplicationTests   : No active profile set, falling back to 1 default profile: "default"
2023-11-23T07:46:59.460-05:00  INFO 3284 --- [           main] .s.d.r.c.RepositoryConfigurationDelegate : Bootstrapping Spring Data JPA repositories in DEFAULT mode.
2023-11-23T07:46:59.575-05:00  INFO 3284 --- [           main] .s.d.r.c.RepositoryConfigurationDelegate : Finished Spring Data repository scanning in 101 ms. Found 2 JPA repository interfaces.
2023-11-23T07:47:00.279-05:00  INFO 3284 --- [           main] com.zaxxer.hikari.HikariDataSource       : HikariPool-1 - Starting...
2023-11-23T07:47:00.485-05:00  INFO 3284 --- [           main] com.zaxxer.hikari.pool.HikariPool        : HikariPool-1 - Added connection conn0: url=jdbc:h2:mem:851a5feb-b1d0-4deb-8f6a-3e6f37ccffe5 user=SA
2023-11-23T07:47:00.487-05:00  INFO 3284 --- [           main] com.zaxxer.hikari.HikariDataSource       : HikariPool-1 - Start completed.
2023-11-23T07:47:00.574-05:00  INFO 3284 --- [           main] o.hibernate.jpa.internal.util.LogHelper  : HHH000204: Processing PersistenceUnitInfo [name: default]
2023-11-23T07:47:00.725-05:00  INFO 3284 --- [           main] org.hibernate.Version                    : HHH000412: Hibernate ORM core version 6.2.6.Final
2023-11-23T07:47:00.731-05:00  INFO 3284 --- [           main] org.hibernate.cfg.Environment            : HHH000406: Using bytecode reflection optimizer
2023-11-23T07:47:00.988-05:00  INFO 3284 --- [           main] o.h.b.i.BytecodeProviderInitiator        : HHH000021: Bytecode provider name : bytebuddy
2023-11-23T07:47:01.195-05:00  INFO 3284 --- [           main] o.s.o.j.p.SpringPersistenceUnitInfo      : No LoadTimeWeaver setup: ignoring JPA class transformer
2023-11-23T07:47:01.461-05:00  INFO 3284 --- [           main] o.h.b.i.BytecodeProviderInitiator        : HHH000021: Bytecode provider name : bytebuddy
2023-11-23T07:47:01.988-05:00  INFO 3284 --- [           main] o.h.e.t.j.p.i.JtaPlatformInitiator       : HHH000490: Using JtaPlatform implementation: [org.hibernate.engine.transaction.jta.platform.internal.NoJtaPlatform]
2023-11-23T07:47:02.026-05:00  INFO 3284 --- [           main] j.LocalContainerEntityManagerFactoryBean : Initialized JPA EntityManagerFactory for persistence unit 'default'
2023-11-23T07:47:02.622-05:00  INFO 3284 --- [           main] o.s.d.j.r.query.QueryEnhancerFactory     : Hibernate is in classpath; If applicable, HQL parser will be used.
2023-11-23T07:47:03.461-05:00  WARN 3284 --- [           main] JpaBaseConfiguration$JpaWebConfiguration : spring.jpa.open-in-view is enabled by default. Therefore, database queries may be performed during view rendering. Explicitly configure spring.jpa.open-in-view to disable this warning
2023-11-23T07:47:04.551-05:00  WARN 3284 --- [           main] .s.s.UserDetailsServiceAutoConfiguration : 

Using generated security password: 58068a5b-ade6-4612-a1b6-c20cb7fc97ec

This generated password is for development use only. Your security configuration must be updated before running your application in production.

2023-11-23T07:47:04.763-05:00  INFO 3284 --- [           main] o.s.b.a.e.web.EndpointLinksResolver      : Exposing 13 endpoint(s) beneath base path '/actuator'
2023-11-23T07:47:04.793-05:00  INFO 3284 --- [           main] o.s.s.web.DefaultSecurityFilterChain     : Will secure any request with [org.springframework.security.web.session.DisableEncodeUrlFilter@4420f4d4, org.springframework.security.web.context.request.async.WebAsyncManagerIntegrationFilter@126320a8, org.springframework.security.web.context.SecurityContextHolderFilter@2e3fdf30, org.springframework.security.web.header.HeaderWriterFilter@4ed096cc, org.springframework.web.filter.CorsFilter@4bb05e2a, org.springframework.security.web.csrf.CsrfFilter@588b2d7a, org.springframework.security.web.authentication.logout.LogoutFilter@665902eb, org.springframework.security.web.authentication.UsernamePasswordAuthenticationFilter@4619e076, org.springframework.security.web.authentication.ui.DefaultLoginPageGeneratingFilter@6cd0f9a4, org.springframework.security.web.authentication.ui.DefaultLogoutPageGeneratingFilter@12b0440b, org.springframework.security.web.authentication.www.BasicAuthenticationFilter@1098c1b1, org.springframework.security.web.savedrequest.RequestCacheAwareFilter@480b785a, org.springframework.security.web.servletapi.SecurityContextHolderAwareRequestFilter@835718b, org.springframework.security.web.authentication.AnonymousAuthenticationFilter@517594dd, org.springframework.security.web.access.ExceptionTranslationFilter@3c9e82a6, org.springframework.security.web.access.intercept.AuthorizationFilter@1dec84e3]
2023-11-23T07:47:04.816-05:00  INFO 3284 --- [           main] o.s.b.a.h2.H2ConsoleAutoConfiguration    : H2 console available at '/h2-console'. Database available at 'jdbc:h2:mem:851a5feb-b1d0-4deb-8f6a-3e6f37ccffe5'
2023-11-23T07:47:04.938-05:00  INFO 3284 --- [           main] m.s.s.p.ServiceProductApplicationTests   : Started ServiceProductApplicationTests in 6.864 seconds (process running for 7.914)
2023-11-23T07:47:05.017-05:00 ERROR 3284 --- [gistrationTask1] o.s.s.s.TaskUtils$LoggingErrorHandler    : Unexpected error occurred in scheduled task

java.lang.IllegalStateException: couldn't determine local port. Please set spring.boot.admin.client.instance.service-base-url.
	at de.codecentric.boot.admin.client.registration.DefaultApplicationFactory.getLocalServerPort(DefaultApplicationFactory.java:205) ~[spring-boot-admin-client-3.1.5.jar:3.1.5]
	at de.codecentric.boot.admin.client.registration.DefaultApplicationFactory.getServiceBaseUrl(DefaultApplicationFactory.java:109) ~[spring-boot-admin-client-3.1.5.jar:3.1.5]
	at de.codecentric.boot.admin.client.registration.ServletApplicationFactory.getServiceUrl(ServletApplicationFactory.java:62) ~[spring-boot-admin-client-3.1.5.jar:3.1.5]
	at de.codecentric.boot.admin.client.registration.DefaultApplicationFactory.createApplication(DefaultApplicationFactory.java:82) ~[spring-boot-admin-client-3.1.5.jar:3.1.5]
	at de.codecentric.boot.admin.client.registration.DefaultApplicationRegistrator.register(DefaultApplicationRegistrator.java:56) ~[spring-boot-admin-client-3.1.5.jar:3.1.5]
	at org.springframework.scheduling.support.DelegatingErrorHandlingRunnable.run(DelegatingErrorHandlingRunnable.java:54) ~[spring-context-6.0.11.jar:6.0.11]
	at java.base/java.util.concurrent.Executors$RunnableAdapter.call(Executors.java:539) ~[na:na]
	at java.base/java.util.concurrent.FutureTask.runAndReset(FutureTask.java:305) ~[na:na]
	at java.base/java.util.concurrent.ScheduledThreadPoolExecutor$ScheduledFutureTask.run(ScheduledThreadPoolExecutor.java:305) ~[na:na]
	at java.base/java.util.concurrent.ThreadPoolExecutor.runWorker(ThreadPoolExecutor.java:1136) ~[na:na]
	at java.base/java.util.concurrent.ThreadPoolExecutor$Worker.run(ThreadPoolExecutor.java:635) ~[na:na]
	at java.base/java.lang.Thread.run(Thread.java:833) ~[na:na]

]]></system-out>
  </testcase>
</testsuite>