<?xml version="1.0" encoding="UTF-8"?>
<testsuite xmlns:xsi="http://www.w3.org/2001/XMLSchema-instance" xsi:noNamespaceSchemaLocation="https://maven.apache.org/surefire/maven-surefire-plugin/xsd/surefire-test-report-3.0.xsd" version="3.0" name="mat.study.store.product.ServiceProductApplicationTests" time="16.67" tests="1" errors="0" skipped="0" failures="0">
  <properties>
[...]
</properties>
  <testcase name="contextLoads" classname="mat.study.store.product.ServiceProductApplicationTests" time="0.868">
    <system-out><![CDATA[[2024-04-05 T 15:58:12.12 Z] &amp#27;[34m[org.springframework.test.context.support.AnnotationConfigContextLoaderUtils]&amp#27;[0;39m &amp#27;[35m[main]&amp#27;[0;39m &amp#27;[1;31m[83]&amp#27;[0;39m &amp#27;[1;36m[INFO ]&amp#27;[0;39m -- Could not detect default configuration classes for test class [mat.study.store.product.ServiceProductApplicationTests]: ServiceProductApplicationTests does not declare any static, non-private, non-final, nested classes annotated with @Configuration.
[2024-04-05 T 15:58:12.12 Z] &amp#27;[34m[org.springframework.boot.test.context.SpringBootTestContextBootstrapper]&amp#27;[0;39m &amp#27;[35m[main]&amp#27;[0;39m &amp#27;[1;31m[248]&amp#27;[0;39m &amp#27;[1;36m[INFO ]&amp#27;[0;39m -- Found @SpringBootConfiguration mat.study.store.product.ServiceProductApplication for test class mat.study.store.product.ServiceProductApplicationTests
 ,---.               ,--.                                                                 ,------.                ,--.     ,---.         ,--.
'   .-' ,---. ,--.--.`--',--,--,  ,---.   ,---. ,---.,--.,--.,--.--. ,---. ,---.  ,-----. |  .--. ' ,---.  ,---.,-'  '-.  /  O  \  ,---. `--'
`.  `-.| .-. ||  .--',--.|      \| .-. | | .--'| .-. |  ||  ||  .--'(  .-'| .-. : '-----' |  '--'.'| .-. :(  .-''-.  .-' |  .-.  || .-. |,--.
.-'    | '-' '|  |   |  ||  ||  |' '-' ' \ `--.' '-' '  ''  '|  |   .-'  `)   --.         |  |\  \ \   --..-'  `) |  |   |  | |  || '-' '|  |
`-----'|  |-' `--'   `--'`--''--'.`-  /   `---' `---' `----' `--'   `----' `----'         `--' '--' `----'`----'  `--'   `--' `--'|  |-' `--'
       `--'                      `---'                                                                                            `--'
[2024-04-05 T 15:58:12.12 Z] &amp#27;[34m[org.hibernate.validator.internal.util.Version]&amp#27;[0;39m &amp#27;[35m[background-preinit]&amp#27;[0;39m &amp#27;[1;31m[21]&amp#27;[0;39m &amp#27;[1;36m[INFO ]&amp#27;[0;39m -- HV000001: Hibernate Validator 8.0.1.Final
[2024-04-05 T 15:58:13.13 Z] &amp#27;[34m[org.springframework.boot.StartupInfoLogger]&amp#27;[0;39m &amp#27;[35m[main]&amp#27;[0;39m &amp#27;[1;31m[51]&amp#27;[0;39m &amp#27;[1;36m[INFO ]&amp#27;[0;39m -- Starting ServiceProductApplicationTests using Java 17.0.10 with PID 28144 (started by mtrujillo in C:\Users\mtrujillo\OneDrive - ENDAVA\Documents\Study\service-product)
[2024-04-05 T 15:58:13.13 Z] &amp#27;[34m[org.springframework.boot.SpringApplication]&amp#27;[0;39m &amp#27;[35m[main]&amp#27;[0;39m &amp#27;[1;31m[634]&amp#27;[0;39m &amp#27;[1;36m[INFO ]&amp#27;[0;39m -- No active profile set, falling back to 1 default profile: "default"
[2024-04-05 T 15:58:15.15 Z] &amp#27;[34m[org.springframework.data.repository.config.RepositoryConfigurationDelegate]&amp#27;[0;39m &amp#27;[35m[main]&amp#27;[0;39m &amp#27;[1;31m[138]&amp#27;[0;39m &amp#27;[1;36m[INFO ]&amp#27;[0;39m -- Bootstrapping Spring Data JPA repositories in DEFAULT mode.
[2024-04-05 T 15:58:16.16 Z] &amp#27;[34m[org.springframework.data.repository.config.RepositoryConfigurationDelegate]&amp#27;[0;39m &amp#27;[35m[main]&amp#27;[0;39m &amp#27;[1;31m[208]&amp#27;[0;39m &amp#27;[1;36m[INFO ]&amp#27;[0;39m -- Finished Spring Data repository scanning in 217 ms. Found 3 JPA repository interfaces.
[2024-04-05 T 15:58:17.17 Z] &amp#27;[34m[org.hibernate.jpa.internal.util.LogHelper]&amp#27;[0;39m &amp#27;[35m[main]&amp#27;[0;39m &amp#27;[1;31m[31]&amp#27;[0;39m &amp#27;[1;36m[INFO ]&amp#27;[0;39m -- HHH000204: Processing PersistenceUnitInfo [name: default]
[2024-04-05 T 15:58:17.17 Z] &amp#27;[34m[org.hibernate.Version]&amp#27;[0;39m &amp#27;[35m[main]&amp#27;[0;39m &amp#27;[1;31m[44]&amp#27;[0;39m &amp#27;[1;36m[INFO ]&amp#27;[0;39m -- HHH000412: Hibernate ORM core version 6.2.6.Final
[2024-04-05 T 15:58:17.17 Z] &amp#27;[34m[org.hibernate.cfg.Environment]&amp#27;[0;39m &amp#27;[35m[main]&amp#27;[0;39m &amp#27;[1;31m[191]&amp#27;[0;39m &amp#27;[1;36m[INFO ]&amp#27;[0;39m -- HHH000406: Using bytecode reflection optimizer
[2024-04-05 T 15:58:18.18 Z] &amp#27;[34m[org.hibernate.bytecode.internal.BytecodeProviderInitiator]&amp#27;[0;39m &amp#27;[35m[main]&amp#27;[0;39m &amp#27;[1;31m[53]&amp#27;[0;39m &amp#27;[1;36m[INFO ]&amp#27;[0;39m -- HHH000021: Bytecode provider name : bytebuddy
[2024-04-05 T 15:58:18.18 Z] &amp#27;[34m[org.springframework.orm.jpa.persistenceunit.SpringPersistenceUnitInfo]&amp#27;[0;39m &amp#27;[35m[main]&amp#27;[0;39m &amp#27;[1;31m[87]&amp#27;[0;39m &amp#27;[1;36m[INFO ]&amp#27;[0;39m -- No LoadTimeWeaver setup: ignoring JPA class transformer
[2024-04-05 T 15:58:18.18 Z] &amp#27;[34m[com.zaxxer.hikari.HikariDataSource]&amp#27;[0;39m &amp#27;[35m[main]&amp#27;[0;39m &amp#27;[1;31m[110]&amp#27;[0;39m &amp#27;[1;36m[INFO ]&amp#27;[0;39m -- HikariPool-1 - Starting...
[2024-04-05 T 15:58:18.18 Z] &amp#27;[34m[com.zaxxer.hikari.pool.HikariPool]&amp#27;[0;39m &amp#27;[35m[main]&amp#27;[0;39m &amp#27;[1;31m[565]&amp#27;[0;39m &amp#27;[1;36m[INFO ]&amp#27;[0;39m -- HikariPool-1 - Added connection conn0: url=jdbc:h2:mem:spring-security user=SA
[2024-04-05 T 15:58:18.18 Z] &amp#27;[34m[com.zaxxer.hikari.HikariDataSource]&amp#27;[0;39m &amp#27;[35m[main]&amp#27;[0;39m &amp#27;[1;31m[123]&amp#27;[0;39m &amp#27;[1;36m[INFO ]&amp#27;[0;39m -- HikariPool-1 - Start completed.
[2024-04-05 T 15:58:19.19 Z] &amp#27;[34m[org.hibernate.bytecode.internal.BytecodeProviderInitiator]&amp#27;[0;39m &amp#27;[35m[main]&amp#27;[0;39m &amp#27;[1;31m[53]&amp#27;[0;39m &amp#27;[1;36m[INFO ]&amp#27;[0;39m -- HHH000021: Bytecode provider name : bytebuddy
[2024-04-05 T 15:58:19.19 Z] &amp#27;[34m[org.hibernate.engine.transaction.jta.platform.internal.JtaPlatformInitiator]&amp#27;[0;39m &amp#27;[35m[main]&amp#27;[0;39m &amp#27;[1;31m[51]&amp#27;[0;39m &amp#27;[1;36m[INFO ]&amp#27;[0;39m -- HHH000490: Using JtaPlatform implementation: [org.hibernate.engine.transaction.jta.platform.internal.NoJtaPlatform]
[2024-04-05 T 15:58:20.20 Z] &amp#27;[34m[org.springframework.orm.jpa.AbstractEntityManagerFactoryBean]&amp#27;[0;39m &amp#27;[35m[main]&amp#27;[0;39m &amp#27;[1;31m[437]&amp#27;[0;39m &amp#27;[1;36m[INFO ]&amp#27;[0;39m -- Initialized JPA EntityManagerFactory for persistence unit 'default'
[2024-04-05 T 15:58:21.21 Z] &amp#27;[34m[org.springframework.data.jpa.repository.query.QueryEnhancerFactory]&amp#27;[0;39m &amp#27;[35m[main]&amp#27;[0;39m &amp#27;[1;31m[47]&amp#27;[0;39m &amp#27;[1;36m[INFO ]&amp#27;[0;39m -- Hibernate is in classpath; If applicable, HQL parser will be used.
[2024-04-05 T 15:58:23.23 Z] &amp#27;[34m[org.springframework.boot.actuate.endpoint.web.EndpointLinksResolver]&amp#27;[0;39m &amp#27;[35m[main]&amp#27;[0;39m &amp#27;[1;31m[58]&amp#27;[0;39m &amp#27;[1;36m[INFO ]&amp#27;[0;39m -- Exposing 13 endpoint(s) beneath base path '/actuator'
[2024-04-05 T 15:58:24.24 Z] &amp#27;[31m[org.springframework.boot.autoconfigure.orm.jpa.JpaBaseConfiguration$JpaWebConfiguration]&amp#27;[0;39m &amp#27;[35m[main]&amp#27;[0;39m &amp#27;[1;31m[231]&amp#27;[0;39m &amp#27;[1;36m[WARN ]&amp#27;[0;39m -- spring.jpa.open-in-view is enabled by default. Therefore, database queries may be performed during view rendering. Explicitly configure spring.jpa.open-in-view to disable this warning
[2024-04-05 T 15:58:24.24 Z] &amp#27;[34m[org.springframework.security.web.DefaultSecurityFilterChain]&amp#27;[0;39m &amp#27;[35m[main]&amp#27;[0;39m &amp#27;[1;31m[54]&amp#27;[0;39m &amp#27;[1;36m[INFO ]&amp#27;[0;39m -- Will secure any request with [org.springframework.security.web.session.DisableEncodeUrlFilter@330f3046, org.springframework.security.web.context.request.async.WebAsyncManagerIntegrationFilter@37a2d18c, org.springframework.security.web.context.SecurityContextHolderFilter@7a62e096, org.springframework.security.web.header.HeaderWriterFilter@3d7d72f2, org.springframework.security.web.authentication.logout.LogoutFilter@401b7109, mat.study.store.product.filter.JwtAuthenticationFilter@1cc878e6, org.springframework.security.web.savedrequest.RequestCacheAwareFilter@478d1193, org.springframework.security.web.servletapi.SecurityContextHolderAwareRequestFilter@69a8617c, org.springframework.security.web.authentication.AnonymousAuthenticationFilter@4b6e296a, org.springframework.security.web.session.SessionManagementFilter@521d455c, org.springframework.security.web.access.ExceptionTranslationFilter@618c387d, org.springframework.security.web.access.intercept.AuthorizationFilter@779e66e5]
[2024-04-05 T 15:58:26.26 Z] &amp#27;[34m[org.springframework.boot.autoconfigure.h2.H2ConsoleAutoConfiguration]&amp#27;[0;39m &amp#27;[35m[main]&amp#27;[0;39m &amp#27;[1;31m[88]&amp#27;[0;39m &amp#27;[1;36m[INFO ]&amp#27;[0;39m -- H2 console available at '/h2-console'. Database available at 'jdbc:h2:mem:spring-security'
[2024-04-05 T 15:58:27.27 Z] &amp#27;[34m[org.springframework.boot.StartupInfoLogger]&amp#27;[0;39m &amp#27;[35m[main]&amp#27;[0;39m &amp#27;[1;31m[57]&amp#27;[0;39m &amp#27;[1;36m[INFO ]&amp#27;[0;39m -- Started ServiceProductApplicationTests in 14.678 seconds (process running for 16.721)
[2024-04-05 T 15:58:27.27 Z] &amp#27;[1;31m[org.springframework.scheduling.support.TaskUtils$LoggingErrorHandler]&amp#27;[0;39m &amp#27;[35m[registrationTask1]&amp#27;[0;39m &amp#27;[1;31m[95]&amp#27;[0;39m &amp#27;[1;36m[ERROR]&amp#27;[0;39m -- Unexpected error occurred in scheduled task
java.lang.IllegalStateException: couldn't determine local port. Please set spring.boot.admin.client.instance.service-base-url.
	at de.codecentric.boot.admin.client.registration.DefaultApplicationFactory.getLocalServerPort(DefaultApplicationFactory.java:205)
	at de.codecentric.boot.admin.client.registration.DefaultApplicationFactory.getServiceBaseUrl(DefaultApplicationFactory.java:109)
	at de.codecentric.boot.admin.client.registration.ServletApplicationFactory.getServiceUrl(ServletApplicationFactory.java:62)
	at de.codecentric.boot.admin.client.registration.DefaultApplicationFactory.createApplication(DefaultApplicationFactory.java:82)
	at de.codecentric.boot.admin.client.registration.DefaultApplicationRegistrator.register(DefaultApplicationRegistrator.java:56)
	at org.springframework.scheduling.support.DelegatingErrorHandlingRunnable.run(DelegatingErrorHandlingRunnable.java:54)
	at java.base/java.util.concurrent.Executors$RunnableAdapter.call(Executors.java:539)
	at java.base/java.util.concurrent.FutureTask.runAndReset(FutureTask.java:305)
	at java.base/java.util.concurrent.ScheduledThreadPoolExecutor$ScheduledFutureTask.run(ScheduledThreadPoolExecutor.java:305)
	at java.base/java.util.concurrent.ThreadPoolExecutor.runWorker(ThreadPoolExecutor.java:1136)
	at java.base/java.util.concurrent.ThreadPoolExecutor$Worker.run(ThreadPoolExecutor.java:635)
	at java.base/java.lang.Thread.run(Thread.java:842)
]]></system-out>
  </testcase>
</testsuite>